2025-10-08T13:13:43.171+05:30  INFO 19140 --- [form] [main] com.validation.form.FormApplication      : Starting FormApplication using Java 17.0.12 with PID 19140 (C:\AR Tool\workspace\form\form\target\classes started by RamyaM in C:\AR Tool\workspace\form\form)
2025-10-08T13:13:43.176+05:30  INFO 19140 --- [form] [main] com.validation.form.FormApplication      : No active profile set, falling back to 1 default profile: "default"
2025-10-08T13:13:44.638+05:30  INFO 19140 --- [form] [main] .s.d.r.c.RepositoryConfigurationDelegate : Bootstrapping Spring Data JPA repositories in DEFAULT mode.
2025-10-08T13:13:44.777+05:30  INFO 19140 --- [form] [main] .s.d.r.c.RepositoryConfigurationDelegate : Finished Spring Data repository scanning in 113 ms. Found 1 JPA repository interface.
2025-10-08T13:13:45.734+05:30  INFO 19140 --- [form] [main] o.s.b.w.embedded.tomcat.TomcatWebServer  : Tomcat initialized with port 9012 (http)
2025-10-08T13:13:45.767+05:30  INFO 19140 --- [form] [main] o.apache.catalina.core.StandardService   : Starting service [Tomcat]
2025-10-08T13:13:45.768+05:30  INFO 19140 --- [form] [main] o.apache.catalina.core.StandardEngine    : Starting Servlet engine: [Apache Tomcat/10.1.46]
2025-10-08T13:13:45.876+05:30  INFO 19140 --- [form] [main] o.a.c.c.C.[Tomcat].[localhost].[/]       : Initializing Spring embedded WebApplicationContext
2025-10-08T13:13:45.877+05:30  INFO 19140 --- [form] [main] w.s.c.ServletWebServerApplicationContext : Root WebApplicationContext: initialization completed in 2611 ms
2025-10-08T13:13:46.213+05:30  INFO 19140 --- [form] [main] o.hibernate.jpa.internal.util.LogHelper  : HHH000204: Processing PersistenceUnitInfo [name: default]
2025-10-08T13:13:46.388+05:30  INFO 19140 --- [form] [main] org.hibernate.Version                    : HHH000412: Hibernate ORM core version 6.6.29.Final
2025-10-08T13:13:46.474+05:30  INFO 19140 --- [form] [main] o.h.c.internal.RegionFactoryInitiator    : HHH000026: Second-level cache disabled
2025-10-08T13:13:47.147+05:30  INFO 19140 --- [form] [main] o.s.o.j.p.SpringPersistenceUnitInfo      : No LoadTimeWeaver setup: ignoring JPA class transformer
2025-10-08T13:13:47.244+05:30  INFO 19140 --- [form] [main] com.zaxxer.hikari.HikariDataSource       : HikariPool-1 - Starting...
2025-10-08T13:13:48.983+05:30  INFO 19140 --- [form] [main] com.zaxxer.hikari.pool.HikariPool        : HikariPool-1 - Added connection org.postgresql.jdbc.PgConnection@224e6e88
2025-10-08T13:13:48.993+05:30  INFO 19140 --- [form] [main] com.zaxxer.hikari.HikariDataSource       : HikariPool-1 - Start completed.
2025-10-08T13:13:49.191+05:30  WARN 19140 --- [form] [main] org.hibernate.orm.deprecation            : HHH90000025: PostgreSQLDialect does not need to be specified explicitly using 'hibernate.dialect' (remove the property setting and it will be selected by default)
2025-10-08T13:13:49.676+05:30  INFO 19140 --- [form] [main] org.hibernate.orm.connections.pooling    : HHH10001005: Database info:
	Database JDBC URL [Connecting through datasource 'HikariDataSource (HikariPool-1)']
	Database driver: undefined/unknown
	Database version: 17.5
	Autocommit mode: undefined/unknown
	Isolation level: undefined/unknown
	Minimum pool size: undefined/unknown
	Maximum pool size: undefined/unknown
2025-10-08T13:13:52.453+05:30  INFO 19140 --- [form] [main] o.h.e.t.j.p.i.JtaPlatformInitiator       : HHH000489: No JTA platform available (set 'hibernate.transaction.jta.platform' to enable JTA platform integration)
2025-10-08T13:13:52.805+05:30  WARN 19140 --- [form] [main] o.h.engine.jdbc.spi.SqlExceptionHelper   : SQL Warning Code: 0, SQLState: 00000
2025-10-08T13:13:52.806+05:30  WARN 19140 --- [form] [main] o.h.engine.jdbc.spi.SqlExceptionHelper   : constraint "ukhdmtd5urnr66fpkreyq6lffo2" of relation "form_upload" does not exist, skipping
2025-10-08T13:13:53.211+05:30  WARN 19140 --- [form] [main] o.h.engine.jdbc.spi.SqlExceptionHelper   : SQL Warning Code: 0, SQLState: 00000
2025-10-08T13:13:53.213+05:30  WARN 19140 --- [form] [main] o.h.engine.jdbc.spi.SqlExceptionHelper   : constraint "ukbv5b40gs31svx0xrridm031mh" of relation "form_upload" does not exist, skipping
2025-10-08T13:13:53.258+05:30  INFO 19140 --- [form] [main] j.LocalContainerEntityManagerFactoryBean : Initialized JPA EntityManagerFactory for persistence unit 'default'
2025-10-08T13:13:54.698+05:30  WARN 19140 --- [form] [main] JpaBaseConfiguration$JpaWebConfiguration : spring.jpa.open-in-view is enabled by default. Therefore, database queries may be performed during view rendering. Explicitly configure spring.jpa.open-in-view to disable this warning
2025-10-08T13:13:55.512+05:30  INFO 19140 --- [form] [main] o.s.b.w.embedded.tomcat.TomcatWebServer  : Tomcat started on port 9012 (http) with context path '/'
2025-10-08T13:13:55.534+05:30  INFO 19140 --- [form] [main] com.validation.form.FormApplication      : Started FormApplication in 13.836 seconds (process running for 15.874)
2025-10-08T13:13:55.543+05:30  INFO 19140 --- [form] [main] com.validation.form.FormApplication      : Form Application is Started...
